mode: set
AltaStore/controllers/cart_controller.go:18.48,32.16 10 0
AltaStore/controllers/cart_controller.go:38.2,46.4 3 0
AltaStore/controllers/cart_controller.go:32.16,36.3 1 0
AltaStore/controllers/cart_controller.go:49.47,54.16 3 0
AltaStore/controllers/cart_controller.go:59.2,65.4 2 0
AltaStore/controllers/cart_controller.go:54.16,58.3 1 0
AltaStore/controllers/cart_controller.go:68.50,77.16 6 0
AltaStore/controllers/cart_controller.go:83.2,88.4 2 0
AltaStore/controllers/cart_controller.go:77.16,81.3 1 0
AltaStore/controllers/category_controller.go:12.50,17.16 3 1
AltaStore/controllers/category_controller.go:22.2,27.4 2 1
AltaStore/controllers/category_controller.go:17.16,21.3 1 0
AltaStore/controllers/category_controller.go:31.53,40.16 6 0
AltaStore/controllers/category_controller.go:45.2,50.4 2 0
AltaStore/controllers/category_controller.go:40.16,44.3 1 0
AltaStore/controllers/customer_controller.go:15.50,20.16 3 1
AltaStore/controllers/customer_controller.go:26.2,32.4 2 1
AltaStore/controllers/customer_controller.go:20.16,24.3 1 1
AltaStore/controllers/customer_controller.go:35.47,46.16 8 0
AltaStore/controllers/customer_controller.go:51.2,57.4 2 0
AltaStore/controllers/customer_controller.go:46.16,50.3 1 0
AltaStore/controllers/customer_controller.go:60.60,68.16 6 0
AltaStore/controllers/customer_controller.go:73.2,75.12 2 0
AltaStore/controllers/customer_controller.go:80.2,80.27 1 0
AltaStore/controllers/customer_controller.go:68.16,71.3 2 0
AltaStore/controllers/customer_controller.go:75.12,79.3 2 0
AltaStore/controllers/customer_controller.go:84.44,89.16 4 0
AltaStore/controllers/customer_controller.go:95.2,95.13 1 0
AltaStore/controllers/customer_controller.go:99.2,107.4 3 0
AltaStore/controllers/customer_controller.go:89.16,93.3 1 0
AltaStore/controllers/customer_controller.go:95.13,97.3 1 0
AltaStore/controllers/db_setup_for_testing.go:9.31,13.2 3 1
AltaStore/controllers/order_controllers.go:20.48,30.36 7 0
AltaStore/controllers/order_controllers.go:37.2,48.44 5 0
AltaStore/controllers/order_controllers.go:56.2,66.4 4 0
AltaStore/controllers/order_controllers.go:30.36,35.3 1 0
AltaStore/controllers/order_controllers.go:48.44,55.3 1 0
AltaStore/controllers/order_controllers.go:69.42,87.2 8 0
AltaStore/controllers/product_controller.go:12.50,17.16 3 1
AltaStore/controllers/product_controller.go:23.2,29.4 2 1
AltaStore/controllers/product_controller.go:17.16,21.3 1 0
AltaStore/controllers/product_controller.go:32.60,38.16 4 0
AltaStore/controllers/product_controller.go:44.2,50.4 2 0
AltaStore/controllers/product_controller.go:38.16,42.3 1 0
AltaStore/controllers/product_controller.go:54.52,68.16 10 0
AltaStore/controllers/product_controller.go:74.2,80.4 2 0
AltaStore/controllers/product_controller.go:68.16,72.3 1 0
